<?xml version="1.0" encoding="UTF-8"?>
<!-- Generated by org.testng.reporters.JUnitReportReporter -->
<testsuite skipped="0" hostname="ASDP1770PO02529" name="com.org.tatoc.AppTest" tests="1" failures="0" timestamp="2019-09-23T15:17:32 IST" time="123.000" errors="0">
  <testcase name="taToc" time="123.000" classname="com.org.tatoc.AppTest"/>
</testsuite> <!-- com.org.tatoc.AppTest -->
